<?xml version="1.0" encoding="UTF-8"?>
<testsuite name="com.at.controllers.ClaimsControllerTest" tests="1" skipped="0" failures="0" errors="0" timestamp="2016-08-18T20:29:43" hostname="COMPOZED-ANB-04" time="0.08">
  <properties/>
  <testcase name="shouldCreateAClaim" classname="com.at.controllers.ClaimsControllerTest" time="0.08"/>
  <system-out><![CDATA[2016-08-18 15:29:43.912  INFO 17359 --- [    Test worker] .b.t.c.SpringBootTestContextBootstrapper : Neither @ContextConfiguration nor @ContextHierarchy found for test class [com.at.controllers.ClaimsControllerTest], using SpringBootContextLoader
2016-08-18 15:29:43.913  INFO 17359 --- [    Test worker] o.s.t.c.support.AbstractContextLoader    : Could not detect default resource locations for test class [com.at.controllers.ClaimsControllerTest]: no resource found for suffixes {-context.xml, Context.groovy}.
2016-08-18 15:29:43.913  INFO 17359 --- [    Test worker] t.c.s.AnnotationConfigContextLoaderUtils : Could not detect default configuration classes for test class [com.at.controllers.ClaimsControllerTest]: ClaimsControllerTest does not declare any static, non-private, non-final, nested classes annotated with @Configuration.
2016-08-18 15:29:43.916  INFO 17359 --- [    Test worker] .b.t.c.SpringBootTestContextBootstrapper : Found @SpringBootConfiguration com.at.AtApplication for test class com.at.controllers.ClaimsControllerTest
2016-08-18 15:29:43.919  INFO 17359 --- [    Test worker] .b.t.c.SpringBootTestContextBootstrapper : Loaded default TestExecutionListener class names from location [META-INF/spring.factories]: [org.springframework.boot.test.mock.mockito.MockitoTestExecutionListener, org.springframework.boot.test.mock.mockito.ResetMocksTestExecutionListener, org.springframework.boot.test.autoconfigure.AutoConfigureReportTestExecutionListener, org.springframework.boot.test.autoconfigure.restdocs.RestDocsTestExecutionListener, org.springframework.boot.test.autoconfigure.web.client.MockRestServiceServerResetTestExecutionListener, org.springframework.test.context.web.ServletTestExecutionListener, org.springframework.test.context.support.DirtiesContextBeforeModesTestExecutionListener, org.springframework.test.context.support.DependencyInjectionTestExecutionListener, org.springframework.test.context.support.DirtiesContextTestExecutionListener, org.springframework.test.context.transaction.TransactionalTestExecutionListener, org.springframework.test.context.jdbc.SqlScriptsTestExecutionListener]
2016-08-18 15:29:43.919  INFO 17359 --- [    Test worker] .b.t.c.SpringBootTestContextBootstrapper : Using TestExecutionListeners: [org.springframework.test.context.web.ServletTestExecutionListener@2759f4ba, org.springframework.test.context.support.DirtiesContextBeforeModesTestExecutionListener@29736d00, org.springframework.boot.test.autoconfigure.AutoConfigureReportTestExecutionListener@2ec79476, org.springframework.test.context.support.DependencyInjectionTestExecutionListener@2670c496, org.springframework.test.context.support.DirtiesContextTestExecutionListener@4e6418c6, org.springframework.test.context.transaction.TransactionalTestExecutionListener@7c4d7767, org.springframework.test.context.jdbc.SqlScriptsTestExecutionListener@6e3b28bc, org.springframework.boot.test.mock.mockito.MockitoTestExecutionListener@4ecf1599, org.springframework.boot.test.autoconfigure.restdocs.RestDocsTestExecutionListener@208396ae, org.springframework.boot.test.mock.mockito.ResetMocksTestExecutionListener@37e23b96, org.springframework.boot.test.autoconfigure.web.client.MockRestServiceServerResetTestExecutionListener@ab8b1e]
2016-08-18 15:29:43.922  INFO 17359 --- [    Test worker] o.s.jdbc.datasource.init.ScriptUtils     : Executing SQL script from class path resource [clean-database.sql]
2016-08-18 15:29:43.964  INFO 17359 --- [    Test worker] o.s.jdbc.datasource.init.ScriptUtils     : Executed SQL script from class path resource [clean-database.sql] in 42 ms.
pId*********************************: 0
Hibernate: insert into claims (car_id, claim_date, claim_time, location, photo) values (?, ?, ?, ?, ?)
]]></system-out>
  <system-err><![CDATA[]]></system-err>
</testsuite>
