<?xml version="1.0" encoding="UTF-8"?>
<testsuite name="com.at.controllers.PersonsControllerTest" tests="1" skipped="0" failures="0" errors="0" timestamp="2016-08-18T20:29:44" hostname="COMPOZED-ANB-04" time="0.058">
  <properties/>
  <testcase name="shouldCreateAPerson" classname="com.at.controllers.PersonsControllerTest" time="0.058"/>
  <system-out><![CDATA[2016-08-18 15:29:44.002  INFO 17359 --- [    Test worker] .b.t.c.SpringBootTestContextBootstrapper : Neither @ContextConfiguration nor @ContextHierarchy found for test class [com.at.controllers.PersonsControllerTest], using SpringBootContextLoader
2016-08-18 15:29:44.002  INFO 17359 --- [    Test worker] o.s.t.c.support.AbstractContextLoader    : Could not detect default resource locations for test class [com.at.controllers.PersonsControllerTest]: no resource found for suffixes {-context.xml, Context.groovy}.
2016-08-18 15:29:44.003  INFO 17359 --- [    Test worker] t.c.s.AnnotationConfigContextLoaderUtils : Could not detect default configuration classes for test class [com.at.controllers.PersonsControllerTest]: PersonsControllerTest does not declare any static, non-private, non-final, nested classes annotated with @Configuration.
2016-08-18 15:29:44.004  INFO 17359 --- [    Test worker] .b.t.c.SpringBootTestContextBootstrapper : Found @SpringBootConfiguration com.at.AtApplication for test class com.at.controllers.PersonsControllerTest
2016-08-18 15:29:44.006  INFO 17359 --- [    Test worker] .b.t.c.SpringBootTestContextBootstrapper : Loaded default TestExecutionListener class names from location [META-INF/spring.factories]: [org.springframework.boot.test.mock.mockito.MockitoTestExecutionListener, org.springframework.boot.test.mock.mockito.ResetMocksTestExecutionListener, org.springframework.boot.test.autoconfigure.AutoConfigureReportTestExecutionListener, org.springframework.boot.test.autoconfigure.restdocs.RestDocsTestExecutionListener, org.springframework.boot.test.autoconfigure.web.client.MockRestServiceServerResetTestExecutionListener, org.springframework.test.context.web.ServletTestExecutionListener, org.springframework.test.context.support.DirtiesContextBeforeModesTestExecutionListener, org.springframework.test.context.support.DependencyInjectionTestExecutionListener, org.springframework.test.context.support.DirtiesContextTestExecutionListener, org.springframework.test.context.transaction.TransactionalTestExecutionListener, org.springframework.test.context.jdbc.SqlScriptsTestExecutionListener]
2016-08-18 15:29:44.006  INFO 17359 --- [    Test worker] .b.t.c.SpringBootTestContextBootstrapper : Using TestExecutionListeners: [org.springframework.test.context.web.ServletTestExecutionListener@3c4224d7, org.springframework.test.context.support.DirtiesContextBeforeModesTestExecutionListener@81dd48, org.springframework.boot.test.autoconfigure.AutoConfigureReportTestExecutionListener@65160fbf, org.springframework.test.context.support.DependencyInjectionTestExecutionListener@60a3c664, org.springframework.test.context.support.DirtiesContextTestExecutionListener@4d6a223b, org.springframework.test.context.transaction.TransactionalTestExecutionListener@438fdd43, org.springframework.test.context.jdbc.SqlScriptsTestExecutionListener@1631597a, org.springframework.boot.test.mock.mockito.MockitoTestExecutionListener@685f2d3e, org.springframework.boot.test.autoconfigure.restdocs.RestDocsTestExecutionListener@7438b1f4, org.springframework.boot.test.mock.mockito.ResetMocksTestExecutionListener@49e00ff5, org.springframework.boot.test.autoconfigure.web.client.MockRestServiceServerResetTestExecutionListener@5586753a]
2016-08-18 15:29:44.009  INFO 17359 --- [    Test worker] o.s.jdbc.datasource.init.ScriptUtils     : Executing SQL script from class path resource [clean-database.sql]
2016-08-18 15:29:44.038  INFO 17359 --- [    Test worker] o.s.jdbc.datasource.init.ScriptUtils     : Executed SQL script from class path resource [clean-database.sql] in 29 ms.
Hibernate: insert into persons (age, claims, gender, name, payment) values (?, ?, ?, ?, ?)
]]></system-out>
  <system-err><![CDATA[]]></system-err>
</testsuite>
